C:\Program Files (x86)\Microsoft Visual Studio\2019\Community\MSBuild\Microsoft\VC\v160\Microsoft.CppCommon.targets(39,5): warning MSB4211: The property "IntermediateOutputPath" is being set to a value for the first time, but it was already consumed at "C:\Program Files (x86)\Microsoft Visual Studio\2019\Community\MSBuild\Microsoft\VC\v160\Microsoft.CppCommon.targets (38,5)".
C:\Program Files (x86)\Microsoft Visual Studio\2019\Community\MSBuild\Microsoft\VC\v160\Microsoft.BuildSteps.Targets(30,5): warning MSB4211: The property "DebugType" is being set to a value for the first time, but it was already consumed at "C:\Program Files (x86)\Microsoft Visual Studio\2019\Community\MSBuild\Microsoft\VC\v160\Microsoft.BuildSteps.Targets (29,5)".
C:\Program Files (x86)\Microsoft Visual Studio\2019\Community\MSBuild\Current\Bin\Microsoft.Common.CurrentVersion.targets(373,5): warning MSB4211: The property "CleanFile" is being set to a value for the first time, but it was already consumed at "C:\Program Files (x86)\Microsoft Visual Studio\2019\Community\MSBuild\Microsoft\VC\v160\Microsoft.CppCommon.targets (38,5)".
main.obj : error LNK2001: unresolved external symbol "__declspec(dllimport) protected: virtual void __thiscall SoWinFullViewer::rightWheelFinish(void)" (__imp_?rightWheelFinish@SoWinFullViewer@@MAEXXZ)
main.obj : error LNK2001: unresolved external symbol "__declspec(dllimport) protected: virtual void __thiscall SoWinFullViewer::rightWheelStart(void)" (__imp_?rightWheelStart@SoWinFullViewer@@MAEXXZ)
main.obj : error LNK2001: unresolved external symbol "__declspec(dllimport) protected: virtual void __thiscall SoWinFullViewer::bottomWheelFinish(void)" (__imp_?bottomWheelFinish@SoWinFullViewer@@MAEXXZ)
main.obj : error LNK2001: unresolved external symbol "__declspec(dllimport) protected: virtual void __thiscall SoWinFullViewer::bottomWheelStart(void)" (__imp_?bottomWheelStart@SoWinFullViewer@@MAEXXZ)
main.obj : error LNK2001: unresolved external symbol "__declspec(dllimport) protected: virtual void __thiscall SoWinFullViewer::leftWheelFinish(void)" (__imp_?leftWheelFinish@SoWinFullViewer@@MAEXXZ)
main.obj : error LNK2001: unresolved external symbol "__declspec(dllimport) protected: virtual void __thiscall SoWinFullViewer::leftWheelStart(void)" (__imp_?leftWheelStart@SoWinFullViewer@@MAEXXZ)
main.obj : error LNK2001: unresolved external symbol "__declspec(dllimport) protected: virtual void __thiscall SoWinFullViewer::openPopupMenu(class SbVec2s)" (__imp_?openPopupMenu@SoWinFullViewer@@MAEXVSbVec2s@@@Z)
main.obj : error LNK2001: unresolved external symbol "__declspec(dllimport) protected: virtual void __thiscall SoWinFullViewer::setPopupMenuString(char const *)" (__imp_?setPopupMenuString@SoWinFullViewer@@MAEXPBD@Z)
main.obj : error LNK2001: unresolved external symbol "__declspec(dllimport) protected: virtual void __thiscall SoWinFullViewer::buildPopupMenu(void)" (__imp_?buildPopupMenu@SoWinFullViewer@@MAEXXZ)
main.obj : error LNK2001: unresolved external symbol "__declspec(dllimport) protected: virtual struct HWND__ * __thiscall SoWinFullViewer::buildRightTrim(struct HWND__ *)" (__imp_?buildRightTrim@SoWinFullViewer@@MAEPAUHWND__@@PAU2@@Z)
main.obj : error LNK2001: unresolved external symbol "__declspec(dllimport) protected: virtual struct HWND__ * __thiscall SoWinFullViewer::buildBottomTrim(struct HWND__ *)" (__imp_?buildBottomTrim@SoWinFullViewer@@MAEPAUHWND__@@PAU2@@Z)
main.obj : error LNK2001: unresolved external symbol "__declspec(dllimport) protected: virtual struct HWND__ * __thiscall SoWinFullViewer::buildLeftTrim(struct HWND__ *)" (__imp_?buildLeftTrim@SoWinFullViewer@@MAEPAUHWND__@@PAU2@@Z)
main.obj : error LNK2001: unresolved external symbol "__declspec(dllimport) protected: virtual void __thiscall SoWinFullViewer::buildDecoration(struct HWND__ *)" (__imp_?buildDecoration@SoWinFullViewer@@MAEXPAUHWND__@@@Z)
main.obj : error LNK2001: unresolved external symbol "__declspec(dllimport) protected: virtual void __thiscall SoWinFullViewer::sizeChanged(class SbVec2s const &)" (__imp_?sizeChanged@SoWinFullViewer@@MAEXABVSbVec2s@@@Z)
main.obj : error LNK2001: unresolved external symbol "__declspec(dllimport) public: virtual void __thiscall SoWinFullViewer::setComponentCursor(class SoWinCursor const &)" (__imp_?setComponentCursor@SoWinFullViewer@@UAEXABVSoWinCursor@@@Z)
main.obj : error LNK2001: unresolved external symbol "__declspec(dllimport) protected: virtual void __thiscall SoWinViewer::changeCameraValues(class SoCamera *)" (__imp_?changeCameraValues@SoWinViewer@@MAEXPAVSoCamera@@@Z)
main.obj : error LNK2001: unresolved external symbol "__declspec(dllimport) protected: virtual void __thiscall SoWinViewer::computeSeekFinalOrientation(void)" (__imp_?computeSeekFinalOrientation@SoWinViewer@@MAEXXZ)
main.obj : error LNK2001: unresolved external symbol "__declspec(dllimport) public: virtual class SoNode * __thiscall SoWinViewer::getSceneGraph(void)" (__imp_?getSceneGraph@SoWinViewer@@UAEPAVSoNode@@XZ)
main.obj : error LNK2001: unresolved external symbol "__declspec(dllimport) public: virtual void __thiscall SoWinViewer::setSceneGraph(class SoNode *)" (__imp_?setSceneGraph@SoWinViewer@@UAEXPAVSoNode@@@Z)
main.obj : error LNK2001: unresolved external symbol "__declspec(dllimport) public: virtual void __thiscall SoWinViewer::setDoubleBuffer(int)" (__imp_?setDoubleBuffer@SoWinViewer@@UAEXH@Z)
main.obj : error LNK2001: unresolved external symbol "__declspec(dllimport) public: virtual void __thiscall SoWinViewer::setStereoOffset(float)" (__imp_?setStereoOffset@SoWinViewer@@UAEXM@Z)
main.obj : error LNK2001: unresolved external symbol "__declspec(dllimport) public: virtual void __thiscall SoWinViewer::setStereoViewing(int)" (__imp_?setStereoViewing@SoWinViewer@@UAEXH@Z)
main.obj : error LNK2001: unresolved external symbol "__declspec(dllimport) public: virtual void __thiscall SoWinViewer::setBufferingType(enum SoWinViewer::BufferType)" (__imp_?setBufferingType@SoWinViewer@@UAEXW4BufferType@1@@Z)
main.obj : error LNK2001: unresolved external symbol "__declspec(dllimport) public: virtual void __thiscall SoWinViewer::setDrawStyle(enum SoWinViewer::DrawType,enum SoWinViewer::DrawStyle)" (__imp_?setDrawStyle@SoWinViewer@@UAEXW4DrawType@1@W4DrawStyle@1@@Z)
main.obj : error LNK2001: unresolved external symbol "__declspec(dllimport) public: virtual void __thiscall SoWinViewer::setHeadlight(int)" (__imp_?setHeadlight@SoWinViewer@@UAEXH@Z)
main.obj : error LNK2001: unresolved external symbol "__declspec(dllimport) public: virtual void __thiscall SoWinViewer::resetToHomePosition(void)" (__imp_?resetToHomePosition@SoWinViewer@@UAEXXZ)
main.obj : error LNK2001: unresolved external symbol "__declspec(dllimport) public: virtual void __thiscall SoWinViewer::saveHomePosition(void)" (__imp_?saveHomePosition@SoWinViewer@@UAEXXZ)
main.obj : error LNK2001: unresolved external symbol "__declspec(dllimport) public: virtual void __thiscall SoWinViewer::viewAll(void)" (__imp_?viewAll@SoWinViewer@@UAEXXZ)
main.obj : error LNK2001: unresolved external symbol "__declspec(dllimport) public: virtual void __thiscall SoWinViewer::toggleCameraType(void)" (__imp_?toggleCameraType@SoWinViewer@@UAEXXZ)
main.obj : error LNK2001: unresolved external symbol "__declspec(dllimport) public: virtual void __thiscall SoWinViewer::setCameraType(class SoType)" (__imp_?setCameraType@SoWinViewer@@UAEXVSoType@@@Z)
main.obj : error LNK2001: unresolved external symbol "__declspec(dllimport) protected: virtual int __thiscall SoWinRenderArea::glScheduleRedraw(void)" (__imp_?glScheduleRedraw@SoWinRenderArea@@MAEHXZ)
main.obj : error LNK2001: unresolved external symbol "__declspec(dllimport) protected: virtual void __thiscall SoWinRenderArea::widgetChanged(struct HWND__ *)" (__imp_?widgetChanged@SoWinRenderArea@@MAEXPAUHWND__@@@Z)
main.obj : error LNK2001: unresolved external symbol "__declspec(dllimport) protected: virtual void __thiscall SoWinRenderArea::initOverlayGraphic(void)" (__imp_?initOverlayGraphic@SoWinRenderArea@@MAEXXZ)
main.obj : error LNK2001: unresolved external symbol "__declspec(dllimport) protected: virtual void __thiscall SoWinRenderArea::initGraphic(void)" (__imp_?initGraphic@SoWinRenderArea@@MAEXXZ)
main.obj : error LNK2001: unresolved external symbol "__declspec(dllimport) protected: virtual void __thiscall SoWinRenderArea::processEvent(struct tagMSG *)" (__imp_?processEvent@SoWinRenderArea@@MAEXPAUtagMSG@@@Z)
main.obj : error LNK2001: unresolved external symbol "__declspec(dllimport) protected: virtual void __thiscall SoWinRenderArea::actualOverlayRedraw(void)" (__imp_?actualOverlayRedraw@SoWinRenderArea@@MAEXXZ)
main.obj : error LNK2001: unresolved external symbol "__declspec(dllimport) protected: virtual void __thiscall SoWinRenderArea::redrawOverlay(void)" (__imp_?redrawOverlay@SoWinRenderArea@@MAEXXZ)
main.obj : error LNK2001: unresolved external symbol "__declspec(dllimport) protected: virtual void __thiscall SoWinRenderArea::redraw(void)" (__imp_?redraw@SoWinRenderArea@@MAEXXZ)
main.obj : error LNK2001: unresolved external symbol "__declspec(dllimport) protected: virtual class SoNotRec __thiscall SoGroup::createNotRec(void)" (__imp_?createNotRec@SoGroup@@MAE?AVSoNotRec@@XZ)
main.obj : error LNK2001: unresolved external symbol "__declspec(dllimport) public: virtual void __thiscall SoGroup::addWriteReference(class SoOutput *,int)" (__imp_?addWriteReference@SoGroup@@UAEXPAVSoOutput@@H@Z)
main.obj : error LNK2001: unresolved external symbol "__declspec(dllimport) public: void __thiscall SoWinComponent::setTitle(char const * const)" (__imp_?setTitle@SoWinComponent@@QAEXQBD@Z)
main.obj : error LNK2001: unresolved external symbol "__declspec(dllimport) public: virtual void __thiscall SoWinComponent::hide(void)" (__imp_?hide@SoWinComponent@@UAEXXZ)
main.obj : error LNK2001: unresolved external symbol "__declspec(dllimport) public: virtual void __thiscall SoWinComponent::show(void)" (__imp_?show@SoWinComponent@@UAEXXZ)
main.obj : error LNK2001: unresolved external symbol "__declspec(dllimport) protected: virtual void __thiscall SoWinExaminerViewer::afterRealizeHook(void)" (__imp_?afterRealizeHook@SoWinExaminerViewer@@MAEXXZ)
main.obj : error LNK2001: unresolved external symbol "__declspec(dllimport) protected: virtual void __thiscall SoWinExaminerViewer::actualRedraw(void)" (__imp_?actualRedraw@SoWinExaminerViewer@@MAEXXZ)
main.obj : error LNK2001: unresolved external symbol "__declspec(dllimport) protected: virtual void __thiscall SoWinExaminerViewer::setSeekMode(int)" (__imp_?setSeekMode@SoWinExaminerViewer@@MAEXH@Z)
main.obj : error LNK2001: unresolved external symbol "__declspec(dllimport) protected: virtual int __thiscall SoWinExaminerViewer::processSoEvent(class SoEvent const * const)" (__imp_?processSoEvent@SoWinExaminerViewer@@MAEHQBVSoEvent@@@Z)
main.obj : error LNK2001: unresolved external symbol "__declspec(dllimport) protected: virtual char const * __thiscall SoWinExaminerViewer::getDefaultIconTitle(void)const " (__imp_?getDefaultIconTitle@SoWinExaminerViewer@@MBEPBDXZ)
main.obj : error LNK2001: unresolved external symbol "__declspec(dllimport) protected: virtual char const * __thiscall SoWinExaminerViewer::getDefaultTitle(void)const " (__imp_?getDefaultTitle@SoWinExaminerViewer@@MBEPBDXZ)
main.obj : error LNK2001: unresolved external symbol "__declspec(dllimport) protected: virtual char const * __thiscall SoWinExaminerViewer::getDefaultWidgetName(void)const " (__imp_?getDefaultWidgetName@SoWinExaminerViewer@@MBEPBDXZ)
main.obj : error LNK2001: unresolved external symbol "__declspec(dllimport) protected: virtual void __thiscall SoWinExaminerViewer::createViewerButtons(struct HWND__ *,class SbPList *)" (__imp_?createViewerButtons@SoWinExaminerViewer@@MAEXPAUHWND__@@PAVSbPList@@@Z)
main.obj : error LNK2001: unresolved external symbol "__declspec(dllimport) protected: virtual void __thiscall SoWinExaminerViewer::rightWheelMotion(float)" (__imp_?rightWheelMotion@SoWinExaminerViewer@@MAEXM@Z)
main.obj : error LNK2001: unresolved external symbol "__declspec(dllimport) protected: virtual void __thiscall SoWinExaminerViewer::bottomWheelMotion(float)" (__imp_?bottomWheelMotion@SoWinExaminerViewer@@MAEXM@Z)
main.obj : error LNK2001: unresolved external symbol "__declspec(dllimport) protected: virtual void __thiscall SoWinExaminerViewer::leftWheelMotion(float)" (__imp_?leftWheelMotion@SoWinExaminerViewer@@MAEXM@Z)
main.obj : error LNK2001: unresolved external symbol "__declspec(dllimport) public: virtual void __thiscall SoWinExaminerViewer::setCursorEnabled(int)" (__imp_?setCursorEnabled@SoWinExaminerViewer@@UAEXH@Z)
main.obj : error LNK2001: unresolved external symbol "__declspec(dllimport) public: virtual void __thiscall SoWinExaminerViewer::setCamera(class SoCamera *)" (__imp_?setCamera@SoWinExaminerViewer@@UAEXPAVSoCamera@@@Z)
main.obj : error LNK2001: unresolved external symbol "__declspec(dllimport) public: virtual void __thiscall SoWinExaminerViewer::setViewing(int)" (__imp_?setViewing@SoWinExaminerViewer@@UAEXH@Z)
main.obj : error LNK2001: unresolved external symbol "__declspec(dllimport) public: virtual __thiscall SoWinExaminerViewer::~SoWinExaminerViewer(void)" (__imp_??1SoWinExaminerViewer@@UAE@XZ)
main.obj : error LNK2001: unresolved external symbol "__declspec(dllimport) public: __thiscall SoWinExaminerViewer::SoWinExaminerViewer(struct HWND__ *,char const *,int,enum SoWinFullViewer::BuildFlag,enum SoWinViewer::Type)" (__imp_??0SoWinExaminerViewer@@QAE@PAUHWND__@@PBDHW4BuildFlag@SoWinFullViewer@@W4Type@SoWinViewer@@@Z)
main.obj : error LNK2001: unresolved external symbol "__declspec(dllimport) public: virtual class SoType __thiscall SoWinExaminerViewer::getTypeId(void)const " (__imp_?getTypeId@SoWinExaminerViewer@@UBE?AVSoType@@XZ)
    Hint on symbols that are defined and could potentially match:
      "__declspec(dllimport) public: virtual class SoType __thiscall SoSeparator::getTypeId(void)const " (__imp_?getTypeId@SoSeparator@@UBE?AVSoType@@XZ)
main.obj : error LNK2001: unresolved external symbol "__declspec(dllimport) public: static void __cdecl SoWin::show(struct HWND__ * const)" (__imp_?show@SoWin@@SAXQAUHWND__@@@Z)
main.obj : error LNK2001: unresolved external symbol "__declspec(dllimport) public: static void __cdecl SoWin::mainLoop(void)" (__imp_?mainLoop@SoWin@@SAXXZ)
main.obj : error LNK2001: unresolved external symbol "__declspec(dllimport) public: static struct HWND__ * __cdecl SoWin::init(char const *,char const *)" (__imp_?init@SoWin@@SAPAUHWND__@@PBD0@Z)
C:\Users\Gamze Keçibaş\Desktop\code\MECH534\HWs\HW1\Release\mech534hw1.exe : fatal error LNK1120: 63 unresolved externals
