  mech534hw6.cpp
C:\Users\Gamze Keçibaş\Desktop\code\MECH534\HWs\GamzeKecibas_60211_MECH534_HW6\mech534hw6\mech534hw6\mech534hw6.cpp(80,1): warning C4305: 'initializing': truncation from 'double' to 'float'
C:\Users\Gamze Keçibaş\Desktop\code\MECH534\HWs\GamzeKecibas_60211_MECH534_HW6\mech534hw6\mech534hw6\mech534hw6.cpp(121,52): warning C4305: 'argument': truncation from 'double' to 'float'
C:\Users\Gamze Keçibaş\Desktop\code\MECH534\HWs\GamzeKecibas_60211_MECH534_HW6\mech534hw6\mech534hw6\mech534hw6.cpp(122,51): warning C4305: 'argument': truncation from 'double' to 'float'
C:\Users\Gamze Keçibaş\Desktop\code\MECH534\HWs\GamzeKecibas_60211_MECH534_HW6\mech534hw6\mech534hw6\mech534hw6.cpp(123,56): warning C4305: 'argument': truncation from 'double' to 'float'
C:\Users\Gamze Keçibaş\Desktop\code\MECH534\HWs\GamzeKecibas_60211_MECH534_HW6\mech534hw6\mech534hw6\mech534hw6.cpp(125,38): warning C4305: 'argument': truncation from 'double' to 'float'
C:\Users\Gamze Keçibaş\Desktop\code\MECH534\HWs\GamzeKecibas_60211_MECH534_HW6\mech534hw6\mech534hw6\mech534hw6.cpp(128,52): warning C4305: 'argument': truncation from 'double' to 'float'
C:\Users\Gamze Keçibaş\Desktop\code\MECH534\HWs\GamzeKecibas_60211_MECH534_HW6\mech534hw6\mech534hw6\mech534hw6.cpp(129,51): warning C4305: 'argument': truncation from 'double' to 'float'
C:\Users\Gamze Keçibaş\Desktop\code\MECH534\HWs\GamzeKecibas_60211_MECH534_HW6\mech534hw6\mech534hw6\mech534hw6.cpp(130,52): warning C4305: 'argument': truncation from 'double' to 'float'
C:\Users\Gamze Keçibaş\Desktop\code\MECH534\HWs\GamzeKecibas_60211_MECH534_HW6\mech534hw6\mech534hw6\mech534hw6.cpp(131,33): warning C4305: 'argument': truncation from 'double' to 'float'
C:\Users\Gamze Keçibaş\Desktop\code\MECH534\HWs\GamzeKecibas_60211_MECH534_HW6\mech534hw6\mech534hw6\mech534hw6.cpp(134,52): warning C4305: 'argument': truncation from 'double' to 'float'
C:\Users\Gamze Keçibaş\Desktop\code\MECH534\HWs\GamzeKecibas_60211_MECH534_HW6\mech534hw6\mech534hw6\mech534hw6.cpp(135,52): warning C4305: 'argument': truncation from 'double' to 'float'
C:\Users\Gamze Keçibaş\Desktop\code\MECH534\HWs\GamzeKecibas_60211_MECH534_HW6\mech534hw6\mech534hw6\mech534hw6.cpp(137,34): warning C4305: 'argument': truncation from 'double' to 'float'
C:\Users\Gamze Keçibaş\Desktop\code\MECH534\HWs\GamzeKecibas_60211_MECH534_HW6\mech534hw6\mech534hw6\mech534hw6.cpp(141,23): warning C4305: 'argument': truncation from 'double' to 'float'
C:\Users\Gamze Keçibaş\Desktop\code\MECH534\HWs\GamzeKecibas_60211_MECH534_HW6\mech534hw6\mech534hw6\mech534hw6.cpp(142,24): warning C4305: 'argument': truncation from 'double' to 'float'
C:\Users\Gamze Keçibaş\Desktop\code\MECH534\HWs\GamzeKecibas_60211_MECH534_HW6\mech534hw6\mech534hw6\mech534hw6.cpp(143,23): warning C4305: 'argument': truncation from 'double' to 'float'
C:\Users\Gamze Keçibaş\Desktop\code\MECH534\HWs\GamzeKecibas_60211_MECH534_HW6\mech534hw6\mech534hw6\mech534hw6.cpp(148,23): warning C4305: 'argument': truncation from 'double' to 'float'
C:\Users\Gamze Keçibaş\Desktop\code\MECH534\HWs\GamzeKecibas_60211_MECH534_HW6\mech534hw6\mech534hw6\mech534hw6.cpp(153,22): warning C4305: 'argument': truncation from 'double' to 'float'
C:\Users\Gamze Keçibaş\Desktop\code\MECH534\HWs\GamzeKecibas_60211_MECH534_HW6\mech534hw6\mech534hw6\mech534hw6.cpp(154,23): warning C4305: 'argument': truncation from 'double' to 'float'
C:\Users\Gamze Keçibaş\Desktop\code\MECH534\HWs\GamzeKecibas_60211_MECH534_HW6\mech534hw6\mech534hw6\mech534hw6.cpp(159,26): warning C4305: 'argument': truncation from 'double' to 'float'
C:\Users\Gamze Keçibaş\Desktop\code\MECH534\HWs\GamzeKecibas_60211_MECH534_HW6\mech534hw6\mech534hw6\mech534hw6.cpp(161,26): warning C4305: 'argument': truncation from 'double' to 'float'
C:\Users\Gamze Keçibaş\Desktop\code\MECH534\HWs\GamzeKecibas_60211_MECH534_HW6\mech534hw6\mech534hw6\mech534hw6.cpp(165,26): warning C4305: 'argument': truncation from 'double' to 'float'
C:\Users\Gamze Keçibaş\Desktop\code\MECH534\HWs\GamzeKecibas_60211_MECH534_HW6\mech534hw6\mech534hw6\mech534hw6.cpp(167,26): warning C4305: 'argument': truncation from 'double' to 'float'
C:\Users\Gamze Keçibaş\Desktop\code\MECH534\HWs\GamzeKecibas_60211_MECH534_HW6\mech534hw6\mech534hw6\mech534hw6.cpp(180,66): warning C4305: 'argument': truncation from 'double' to 'const float'
C:\Users\Gamze Keçibaş\Desktop\code\MECH534\HWs\GamzeKecibas_60211_MECH534_HW6\mech534hw6\mech534hw6\mech534hw6.cpp(188,66): warning C4305: 'argument': truncation from 'double' to 'const float'
C:\Users\Gamze Keçibaş\Desktop\code\MECH534\HWs\GamzeKecibas_60211_MECH534_HW6\mech534hw6\mech534hw6\mech534hw6.cpp(195,65): warning C4305: 'argument': truncation from 'double' to 'const float'
C:\Users\Gamze Keçibaş\Desktop\code\MECH534\HWs\GamzeKecibas_60211_MECH534_HW6\mech534hw6\mech534hw6\mech534hw6.cpp(210,67): warning C4305: 'argument': truncation from 'double' to 'const float'
  mech534hw6.vcxproj -> C:\Users\Gamze Keçibaş\Desktop\code\MECH534\HWs\GamzeKecibas_60211_MECH534_HW6\mech534hw6\x64\Debug\mech534hw6.exe
