  nr.cpp
C:\Users\Gamze Keçibaş\Desktop\code\computer-based-simulation\005-nonlinear-equations\mech534hw5\nr.h(153,20): warning C4273: 'erff': inconsistent dll linkage
C:\Program Files (x86)\Windows Kits\10\Include\10.0.19041.0\ucrt\corecrt_math.h(550,47): message : see previous definition of 'erff'
C:\Users\Gamze Keçibaş\Desktop\code\computer-based-simulation\005-nonlinear-equations\mech534hw5\nr.cpp(43,26): warning C4244: '+=': conversion from 'double' to 'float', possible loss of data
C:\Users\Gamze Keçibaş\Desktop\code\computer-based-simulation\005-nonlinear-equations\mech534hw5\nr.cpp(53,16): warning C4244: '=': conversion from 'double' to 'float', possible loss of data
C:\Users\Gamze Keçibaş\Desktop\code\computer-based-simulation\005-nonlinear-equations\mech534hw5\nr.cpp(58,12): warning C4244: '=': conversion from 'double' to 'float', possible loss of data
C:\Users\Gamze Keçibaş\Desktop\code\computer-based-simulation\005-nonlinear-equations\mech534hw5\nr.cpp(68,18): warning C4244: '=': conversion from 'double' to 'float', possible loss of data
C:\Users\Gamze Keçibaş\Desktop\code\computer-based-simulation\005-nonlinear-equations\mech534hw5\nr.cpp(69,12): warning C4244: '=': conversion from 'double' to 'float', possible loss of data
C:\Users\Gamze Keçibaş\Desktop\code\computer-based-simulation\005-nonlinear-equations\mech534hw5\nr.cpp(72,11): warning C4244: '=': conversion from 'double' to 'float', possible loss of data
C:\Users\Gamze Keçibaş\Desktop\code\computer-based-simulation\005-nonlinear-equations\mech534hw5\nr.cpp(74,11): warning C4244: '=': conversion from 'double' to 'float', possible loss of data
C:\Users\Gamze Keçibaş\Desktop\code\computer-based-simulation\005-nonlinear-equations\mech534hw5\nr.cpp(127,18): warning C4244: '=': conversion from 'double' to 'float', possible loss of data
C:\Users\Gamze Keçibaş\Desktop\code\computer-based-simulation\005-nonlinear-equations\mech534hw5\nr.cpp(131,12): warning C4244: '=': conversion from 'double' to 'float', possible loss of data
C:\Users\Gamze Keçibaş\Desktop\code\computer-based-simulation\005-nonlinear-equations\mech534hw5\nr.cpp(147,19): warning C4244: '=': conversion from 'double' to 'float', possible loss of data
C:\Users\Gamze Keçibaş\Desktop\code\computer-based-simulation\005-nonlinear-equations\mech534hw5\nr.cpp(164,16): warning C4305: '=': truncation from 'double' to 'float'
C:\Users\Gamze Keçibaş\Desktop\code\computer-based-simulation\005-nonlinear-equations\mech534hw5\nr.cpp(169,11): warning C4244: '=': conversion from 'double' to 'float', possible loss of data
  nrutil.cxx
  mech534hw5.cpp
C:\Users\Gamze Keçibaş\Desktop\code\MECH534\Student_Utilities_Pack\Numerical_Recipes\nr.h(153,20): warning C4273: 'erff': inconsistent dll linkage
C:\Program Files (x86)\Windows Kits\10\Include\10.0.19041.0\ucrt\corecrt_math.h(550,47): message : see previous definition of 'erff'
C:\Users\Gamze Keçibaş\Desktop\code\computer-based-simulation\005-nonlinear-equations\mech534hw5\mech534hw5\mech534hw5.cpp(35,9): warning C4244: '=': conversion from 'double' to 'float', possible loss of data
C:\Users\Gamze Keçibaş\Desktop\code\computer-based-simulation\005-nonlinear-equations\mech534hw5\mech534hw5\mech534hw5.cpp(36,9): warning C4244: '=': conversion from 'double' to 'float', possible loss of data
C:\Users\Gamze Keçibaş\Desktop\code\computer-based-simulation\005-nonlinear-equations\mech534hw5\mech534hw5\mech534hw5.cpp(48,18): warning C4244: '=': conversion from 'double' to 'float', possible loss of data
C:\Users\Gamze Keçibaş\Desktop\code\computer-based-simulation\005-nonlinear-equations\mech534hw5\mech534hw5\mech534hw5.cpp(119,36): warning C4244: 'argument': conversion from 'float' to 'long', possible loss of data
C:\Users\Gamze Keçibaş\Desktop\code\computer-based-simulation\005-nonlinear-equations\mech534hw5\mech534hw5\mech534hw5.cpp(126,31): warning C4244: 'argument': conversion from 'float' to 'long', possible loss of data
C:\Users\Gamze Keçibaş\Desktop\code\computer-based-simulation\005-nonlinear-equations\mech534hw5\mech534hw5\mech534hw5.cpp(126,16): warning C4244: 'argument': conversion from 'float' to 'long', possible loss of data
C:\Users\Gamze Keçibaş\Desktop\code\computer-based-simulation\005-nonlinear-equations\mech534hw5\mech534hw5\mech534hw5.cpp(127,26): warning C4244: 'argument': conversion from 'float' to 'long', possible loss of data
C:\Users\Gamze Keçibaş\Desktop\code\computer-based-simulation\005-nonlinear-equations\mech534hw5\mech534hw5\mech534hw5.cpp(129,46): warning C4244: 'argument': conversion from 'float' to 'int', possible loss of data
C:\Users\Gamze Keçibaş\Desktop\code\computer-based-simulation\005-nonlinear-equations\mech534hw5\mech534hw5\mech534hw5.cpp(129,25): warning C4244: 'argument': conversion from 'float' to 'int', possible loss of data
C:\Users\Gamze Keçibaş\Desktop\code\computer-based-simulation\005-nonlinear-equations\mech534hw5\mech534hw5\mech534hw5.cpp(133,10): warning C4129: '#': unrecognized character escape sequence
  Generating Code...
  LINK : C:\Users\Gamze Keçibaş\Desktop\code\computer-based-simulation\005-nonlinear-equations\mech534hw5\x64\Debug\mech534hw5.exe not found or not built by the last incremental link; performing full link
  mech534hw5.vcxproj -> C:\Users\Gamze Keçibaş\Desktop\code\computer-based-simulation\005-nonlinear-equations\mech534hw5\x64\Debug\mech534hw5.exe
